<?xml version="1.0" encoding="UTF-8"?>
<testsuite xmlns:xsi="http://www.w3.org/2001/XMLSchema-instance" xsi:noNamespaceSchemaLocation="https://maven.apache.org/surefire/maven-surefire-plugin/xsd/surefire-test-report.xsd" name="zenika.obs.api.ObsResourceTest" time="3.25" tests="5" errors="1" skipped="0" failures="2">
  <properties>
    <property name="sun.desktop" value="gnome"/>
    <property name="awt.toolkit" value="sun.awt.X11.XToolkit"/>
    <property name="file.encoding.pkg" value="sun.io"/>
    <property name="java.specification.version" value="1.8"/>
    <property name="sun.cpu.isalist" value=""/>
    <property name="sun.jnu.encoding" value="UTF-8"/>
    <property name="java.class.path" value="/home/zenika/projects/obs/zenika-obs-remote-app/quarkus-api/target/test-classes:/home/zenika/projects/obs/zenika-obs-remote-app/quarkus-api/target/classes:/home/zenika/.m2/repository/io/quarkus/quarkus-resteasy/0.13.0/quarkus-resteasy-0.13.0.jar:/home/zenika/.m2/repository/io/quarkus/quarkus-core/0.13.0/quarkus-core-0.13.0.jar:/home/zenika/.m2/repository/javax/inject/javax.inject/1/javax.inject-1.jar:/home/zenika/.m2/repository/javax/annotation/javax.annotation-api/1.3.2/javax.annotation-api-1.3.2.jar:/home/zenika/.m2/repository/io/smallrye/smallrye-config/1.3.5/smallrye-config-1.3.5.jar:/home/zenika/.m2/repository/org/eclipse/microprofile/config/microprofile-config-api/1.3/microprofile-config-api-1.3.jar:/home/zenika/.m2/repository/org/osgi/org.osgi.annotation.versioning/1.0.0/org.osgi.annotation.versioning-1.0.0.jar:/home/zenika/.m2/repository/javax/enterprise/cdi-api/2.0.SP1/cdi-api-2.0.SP1.jar:/home/zenika/.m2/repository/javax/el/javax.el-api/3.0.0/javax.el-api-3.0.0.jar:/home/zenika/.m2/repository/javax/interceptor/javax.interceptor-api/1.2/javax.interceptor-api-1.2.jar:/home/zenika/.m2/repository/org/jboss/logging/jboss-logging/3.3.2.Final/jboss-logging-3.3.2.Final.jar:/home/zenika/.m2/repository/org/jboss/logmanager/jboss-logmanager-embedded/1.0.2/jboss-logmanager-embedded-1.0.2.jar:/home/zenika/.m2/repository/org/jboss/logging/jboss-logging-annotations/2.1.0.Final/jboss-logging-annotations-2.1.0.Final.jar:/home/zenika/.m2/repository/org/jboss/threads/jboss-threads/3.0.0.Alpha4/jboss-threads-3.0.0.Alpha4.jar:/home/zenika/.m2/repository/org/slf4j/slf4j-api/1.7.25/slf4j-api-1.7.25.jar:/home/zenika/.m2/repository/org/jboss/slf4j/slf4j-jboss-logging/1.1.0.Final/slf4j-jboss-logging-1.1.0.Final.jar:/home/zenika/.m2/repository/org/graalvm/sdk/graal-sdk/1.0.0-rc14/graal-sdk-1.0.0-rc14.jar:/home/zenika/.m2/repository/org/wildfly/common/wildfly-common/1.5.0.Final-format-001/wildfly-common-1.5.0.Final-format-001.jar:/home/zenika/.m2/repository/org/wildfly/security/wildfly-elytron-ssl/2.0.0.Alpha1/wildfly-elytron-ssl-2.0.0.Alpha1.jar:/home/zenika/.m2/repository/org/wildfly/security/wildfly-elytron-auth-server/2.0.0.Alpha1/wildfly-elytron-auth-server-2.0.0.Alpha1.jar:/home/zenika/.m2/repository/org/wildfly/security/wildfly-elytron-permission/2.0.0.Alpha1/wildfly-elytron-permission-2.0.0.Alpha1.jar:/home/zenika/.m2/repository/org/wildfly/security/wildfly-elytron-base/2.0.0.Alpha1/wildfly-elytron-base-2.0.0.Alpha1.jar:/home/zenika/.m2/repository/org/wildfly/security/wildfly-elytron-credential/2.0.0.Alpha1/wildfly-elytron-credential-2.0.0.Alpha1.jar:/home/zenika/.m2/repository/org/wildfly/security/wildfly-elytron-auth/2.0.0.Alpha1/wildfly-elytron-auth-2.0.0.Alpha1.jar:/home/zenika/.m2/repository/org/wildfly/security/wildfly-elytron-util/2.0.0.Alpha1/wildfly-elytron-util-2.0.0.Alpha1.jar:/home/zenika/.m2/repository/org/wildfly/security/wildfly-elytron-x500/2.0.0.Alpha1/wildfly-elytron-x500-2.0.0.Alpha1.jar:/home/zenika/.m2/repository/org/wildfly/security/wildfly-elytron-x500-cert/2.0.0.Alpha1/wildfly-elytron-x500-cert-2.0.0.Alpha1.jar:/home/zenika/.m2/repository/org/wildfly/security/wildfly-elytron-asn1/2.0.0.Alpha1/wildfly-elytron-asn1-2.0.0.Alpha1.jar:/home/zenika/.m2/repository/org/wildfly/security/wildfly-elytron-x500-cert-util/2.0.0.Alpha1/wildfly-elytron-x500-cert-util-2.0.0.Alpha1.jar:/home/zenika/.m2/repository/io/quarkus/quarkus-undertow/0.13.0/quarkus-undertow-0.13.0.jar:/home/zenika/.m2/repository/io/undertow/undertow-servlet/2.0.19.Final/undertow-servlet-2.0.19.Final.jar:/home/zenika/.m2/repository/io/undertow/undertow-core/2.0.19.Final/undertow-core-2.0.19.Final.jar:/home/zenika/.m2/repository/org/jboss/spec/javax/servlet/jboss-servlet-api_4.0_spec/1.0.0.Final/jboss-servlet-api_4.0_spec-1.0.0.Final.jar:/home/zenika/.m2/repository/org/jboss/xnio/xnio-nio/3.7.0.Final/xnio-nio-3.7.0.Final.jar:/home/zenika/.m2/repository/org/jboss/xnio/xnio-api/3.7.0.Final/xnio-api-3.7.0.Final.jar:/home/zenika/.m2/repository/io/quarkus/quarkus-arc/0.13.0/quarkus-arc-0.13.0.jar:/home/zenika/.m2/repository/io/quarkus/arc/arc/0.13.0/arc-0.13.0.jar:/home/zenika/.m2/repository/io/quarkus/quarkus-resteasy-common/0.13.0/quarkus-resteasy-common-0.13.0.jar:/home/zenika/.m2/repository/org/jboss/resteasy/resteasy-core/4.0.0.CR2/resteasy-core-4.0.0.CR2.jar:/home/zenika/.m2/repository/org/jboss/spec/javax/ws/rs/jboss-jaxrs-api_2.1_spec/1.0.2.Final/jboss-jaxrs-api_2.1_spec-1.0.2.Final.jar:/home/zenika/.m2/repository/org/jboss/spec/javax/xml/bind/jboss-jaxb-api_2.3_spec/1.0.1.Final/jboss-jaxb-api_2.3_spec-1.0.1.Final.jar:/home/zenika/.m2/repository/org/jboss/resteasy/resteasy-core-spi/4.0.0.CR2/resteasy-core-spi-4.0.0.CR2.jar:/home/zenika/.m2/repository/org/reactivestreams/reactive-streams/1.0.2/reactive-streams-1.0.2.jar:/home/zenika/.m2/repository/commons-io/commons-io/2.5/commons-io-2.5.jar:/home/zenika/.m2/repository/net/jcip/jcip-annotations/1.0/jcip-annotations-1.0.jar:/home/zenika/.m2/repository/javax/validation/validation-api/2.0.1.Final/validation-api-2.0.1.Final.jar:/home/zenika/.m2/repository/com/sun/activation/jakarta.activation/1.2.1/jakarta.activation-1.2.1.jar:/home/zenika/.m2/repository/io/quarkus/quarkus-jaxb/0.13.0/quarkus-jaxb-0.13.0.jar:/home/zenika/.m2/repository/javax/xml/bind/jaxb-api/2.3.1/jaxb-api-2.3.1.jar:/home/zenika/.m2/repository/io/quarkus/quarkus-junit5/0.13.0/quarkus-junit5-0.13.0.jar:/home/zenika/.m2/repository/io/quarkus/quarkus-bootstrap-core/0.13.0/quarkus-bootstrap-core-0.13.0.jar:/home/zenika/.m2/repository/org/apache/maven/maven-settings-builder/3.5.4/maven-settings-builder-3.5.4.jar:/home/zenika/.m2/repository/org/apache/maven/maven-builder-support/3.5.4/maven-builder-support-3.5.4.jar:/home/zenika/.m2/repository/org/codehaus/plexus/plexus-utils/3.0.24/plexus-utils-3.0.24.jar:/home/zenika/.m2/repository/org/codehaus/plexus/plexus-interpolation/1.24/plexus-interpolation-1.24.jar:/home/zenika/.m2/repository/org/codehaus/plexus/plexus-component-annotations/1.7.1/plexus-component-annotations-1.7.1.jar:/home/zenika/.m2/repository/org/apache/maven/maven-settings/3.5.4/maven-settings-3.5.4.jar:/home/zenika/.m2/repository/org/sonatype/plexus/plexus-sec-dispatcher/1.4/plexus-sec-dispatcher-1.4.jar:/home/zenika/.m2/repository/org/sonatype/plexus/plexus-cipher/1.4/plexus-cipher-1.4.jar:/home/zenika/.m2/repository/org/apache/maven/maven-resolver-provider/3.5.4/maven-resolver-provider-3.5.4.jar:/home/zenika/.m2/repository/org/apache/maven/maven-model/3.5.4/maven-model-3.5.4.jar:/home/zenika/.m2/repository/org/apache/maven/maven-model-builder/3.5.4/maven-model-builder-3.5.4.jar:/home/zenika/.m2/repository/org/apache/maven/maven-artifact/3.5.4/maven-artifact-3.5.4.jar:/home/zenika/.m2/repository/com/google/guava/guava/27.0.1-jre/guava-27.0.1-jre.jar:/home/zenika/.m2/repository/com/google/guava/failureaccess/1.0.1/failureaccess-1.0.1.jar:/home/zenika/.m2/repository/com/google/guava/listenablefuture/9999.0-empty-to-avoid-conflict-with-guava/listenablefuture-9999.0-empty-to-avoid-conflict-with-guava.jar:/home/zenika/.m2/repository/com/google/code/findbugs/jsr305/3.0.2/jsr305-3.0.2.jar:/home/zenika/.m2/repository/org/checkerframework/checker-qual/2.5.2/checker-qual-2.5.2.jar:/home/zenika/.m2/repository/com/google/errorprone/error_prone_annotations/2.2.0/error_prone_annotations-2.2.0.jar:/home/zenika/.m2/repository/com/google/j2objc/j2objc-annotations/1.1/j2objc-annotations-1.1.jar:/home/zenika/.m2/repository/org/codehaus/mojo/animal-sniffer-annotations/1.17/animal-sniffer-annotations-1.17.jar:/home/zenika/.m2/repository/org/apache/maven/maven-repository-metadata/3.5.4/maven-repository-metadata-3.5.4.jar:/home/zenika/.m2/repository/org/apache/maven/resolver/maven-resolver-api/1.1.1/maven-resolver-api-1.1.1.jar:/home/zenika/.m2/repository/org/apache/maven/resolver/maven-resolver-spi/1.1.1/maven-resolver-spi-1.1.1.jar:/home/zenika/.m2/repository/org/apache/maven/resolver/maven-resolver-util/1.1.1/maven-resolver-util-1.1.1.jar:/home/zenika/.m2/repository/org/apache/maven/resolver/maven-resolver-impl/1.1.1/maven-resolver-impl-1.1.1.jar:/home/zenika/.m2/repository/org/apache/maven/resolver/maven-resolver-connector-basic/1.1.1/maven-resolver-connector-basic-1.1.1.jar:/home/zenika/.m2/repository/org/apache/maven/resolver/maven-resolver-transport-file/1.1.1/maven-resolver-transport-file-1.1.1.jar:/home/zenika/.m2/repository/org/apache/maven/resolver/maven-resolver-transport-http/1.1.1/maven-resolver-transport-http-1.1.1.jar:/home/zenika/.m2/repository/org/slf4j/jcl-over-slf4j/1.7.25/jcl-over-slf4j-1.7.25.jar:/home/zenika/.m2/repository/io/quarkus/quarkus-test-common/0.13.0/quarkus-test-common-0.13.0.jar:/home/zenika/.m2/repository/io/quarkus/quarkus-core-deployment/0.13.0/quarkus-core-deployment-0.13.0.jar:/home/zenika/.m2/repository/commons-beanutils/commons-beanutils-core/1.8.3/commons-beanutils-core-1.8.3.jar:/home/zenika/.m2/repository/org/jboss/invocation/jboss-invocation/1.5.2.Final/jboss-invocation-1.5.2.Final.jar:/home/zenika/.m2/repository/org/jboss/classfilewriter/jboss-classfilewriter/1.2.4.Final/jboss-classfilewriter-1.2.4.Final.jar:/home/zenika/.m2/repository/io/quarkus/gizmo/gizmo/1.0.0.Alpha3/gizmo-1.0.0.Alpha3.jar:/home/zenika/.m2/repository/org/ow2/asm/asm/6.2.1/asm-6.2.1.jar:/home/zenika/.m2/repository/io/quarkus/quarkus-builder/0.13.0/quarkus-builder-0.13.0.jar:/home/zenika/.m2/repository/io/quarkus/quarkus-jsonp-deployment/0.13.0/quarkus-jsonp-deployment-0.13.0.jar:/home/zenika/.m2/repository/io/quarkus/quarkus-jsonp/0.13.0/quarkus-jsonp-0.13.0.jar:/home/zenika/.m2/repository/org/glassfish/javax.json/1.1.4/javax.json-1.1.4.jar:/home/zenika/.m2/repository/org/jboss/jandex/2.1.1.Final/jandex-2.1.1.Final.jar:/home/zenika/.m2/repository/org/junit/jupiter/junit-jupiter-api/5.4.1/junit-jupiter-api-5.4.1.jar:/home/zenika/.m2/repository/org/apiguardian/apiguardian-api/1.0.0/apiguardian-api-1.0.0.jar:/home/zenika/.m2/repository/org/opentest4j/opentest4j/1.1.1/opentest4j-1.1.1.jar:/home/zenika/.m2/repository/org/junit/platform/junit-platform-commons/1.4.1/junit-platform-commons-1.4.1.jar:/home/zenika/.m2/repository/org/junit/jupiter/junit-jupiter-params/5.4.1/junit-jupiter-params-5.4.1.jar:/home/zenika/.m2/repository/org/junit/jupiter/junit-jupiter-engine/5.4.1/junit-jupiter-engine-5.4.1.jar:/home/zenika/.m2/repository/org/junit/platform/junit-platform-engine/1.4.1/junit-platform-engine-1.4.1.jar:/home/zenika/.m2/repository/io/rest-assured/rest-assured/3.3.0/rest-assured-3.3.0.jar:/home/zenika/.m2/repository/org/codehaus/groovy/groovy/2.4.15/groovy-2.4.15.jar:/home/zenika/.m2/repository/org/codehaus/groovy/groovy-xml/2.4.15/groovy-xml-2.4.15.jar:/home/zenika/.m2/repository/org/apache/httpcomponents/httpclient/4.5.7/httpclient-4.5.7.jar:/home/zenika/.m2/repository/org/apache/httpcomponents/httpcore/4.4.11/httpcore-4.4.11.jar:/home/zenika/.m2/repository/commons-logging/commons-logging/1.2/commons-logging-1.2.jar:/home/zenika/.m2/repository/commons-codec/commons-codec/1.11/commons-codec-1.11.jar:/home/zenika/.m2/repository/org/apache/httpcomponents/httpmime/4.5.3/httpmime-4.5.3.jar:/home/zenika/.m2/repository/org/hamcrest/hamcrest-core/1.3/hamcrest-core-1.3.jar:/home/zenika/.m2/repository/org/hamcrest/hamcrest-library/1.3/hamcrest-library-1.3.jar:/home/zenika/.m2/repository/org/ccil/cowan/tagsoup/tagsoup/1.2.1/tagsoup-1.2.1.jar:/home/zenika/.m2/repository/io/rest-assured/json-path/3.3.0/json-path-3.3.0.jar:/home/zenika/.m2/repository/org/codehaus/groovy/groovy-json/2.4.15/groovy-json-2.4.15.jar:/home/zenika/.m2/repository/io/rest-assured/rest-assured-common/3.3.0/rest-assured-common-3.3.0.jar:/home/zenika/.m2/repository/io/rest-assured/xml-path/3.3.0/xml-path-3.3.0.jar:/home/zenika/.m2/repository/org/apache/commons/commons-lang3/3.8.1/commons-lang3-3.8.1.jar:/home/zenika/.m2/repository/com/sun/xml/bind/jaxb-osgi/2.2.10/jaxb-osgi-2.2.10.jar:/home/zenika/.m2/repository/org/apache/sling/org.apache.sling.javax.activation/0.1.0/org.apache.sling.javax.activation-0.1.0.jar:/home/zenika/.m2/repository/org/json/json/20160810/json-20160810.jar:/home/zenika/.m2/repository/org/mockito/mockito-all/1.9.5/mockito-all-1.9.5.jar:"/>
    <property name="java.vm.vendor" value="Oracle Corporation"/>
    <property name="sun.arch.data.model" value="64"/>
    <property name="java.vendor.url" value="http://java.oracle.com/"/>
    <property name="user.timezone" value=""/>
    <property name="java.vm.specification.version" value="1.8"/>
    <property name="os.name" value="Linux"/>
    <property name="user.country" value="FR"/>
    <property name="sun.java.launcher" value="SUN_STANDARD"/>
    <property name="sun.boot.library.path" value="/home/zenika/.sdkman/candidates/java/8.0.181-oracle/jre/lib/amd64"/>
    <property name="sun.java.command" value="/home/zenika/projects/obs/zenika-obs-remote-app/quarkus-api/target/surefire/surefirebooter7231373090591623837.jar /home/zenika/projects/obs/zenika-obs-remote-app/quarkus-api/target/surefire 2019-04-10T16-38-21_629-jvmRun1 surefire4591094610979194532tmp surefire_01964969222314503099tmp"/>
    <property name="surefire.test.class.path" value="/home/zenika/projects/obs/zenika-obs-remote-app/quarkus-api/target/test-classes:/home/zenika/projects/obs/zenika-obs-remote-app/quarkus-api/target/classes:/home/zenika/.m2/repository/io/quarkus/quarkus-resteasy/0.13.0/quarkus-resteasy-0.13.0.jar:/home/zenika/.m2/repository/io/quarkus/quarkus-core/0.13.0/quarkus-core-0.13.0.jar:/home/zenika/.m2/repository/javax/inject/javax.inject/1/javax.inject-1.jar:/home/zenika/.m2/repository/javax/annotation/javax.annotation-api/1.3.2/javax.annotation-api-1.3.2.jar:/home/zenika/.m2/repository/io/smallrye/smallrye-config/1.3.5/smallrye-config-1.3.5.jar:/home/zenika/.m2/repository/org/eclipse/microprofile/config/microprofile-config-api/1.3/microprofile-config-api-1.3.jar:/home/zenika/.m2/repository/org/osgi/org.osgi.annotation.versioning/1.0.0/org.osgi.annotation.versioning-1.0.0.jar:/home/zenika/.m2/repository/javax/enterprise/cdi-api/2.0.SP1/cdi-api-2.0.SP1.jar:/home/zenika/.m2/repository/javax/el/javax.el-api/3.0.0/javax.el-api-3.0.0.jar:/home/zenika/.m2/repository/javax/interceptor/javax.interceptor-api/1.2/javax.interceptor-api-1.2.jar:/home/zenika/.m2/repository/org/jboss/logging/jboss-logging/3.3.2.Final/jboss-logging-3.3.2.Final.jar:/home/zenika/.m2/repository/org/jboss/logmanager/jboss-logmanager-embedded/1.0.2/jboss-logmanager-embedded-1.0.2.jar:/home/zenika/.m2/repository/org/jboss/logging/jboss-logging-annotations/2.1.0.Final/jboss-logging-annotations-2.1.0.Final.jar:/home/zenika/.m2/repository/org/jboss/threads/jboss-threads/3.0.0.Alpha4/jboss-threads-3.0.0.Alpha4.jar:/home/zenika/.m2/repository/org/slf4j/slf4j-api/1.7.25/slf4j-api-1.7.25.jar:/home/zenika/.m2/repository/org/jboss/slf4j/slf4j-jboss-logging/1.1.0.Final/slf4j-jboss-logging-1.1.0.Final.jar:/home/zenika/.m2/repository/org/graalvm/sdk/graal-sdk/1.0.0-rc14/graal-sdk-1.0.0-rc14.jar:/home/zenika/.m2/repository/org/wildfly/common/wildfly-common/1.5.0.Final-format-001/wildfly-common-1.5.0.Final-format-001.jar:/home/zenika/.m2/repository/org/wildfly/security/wildfly-elytron-ssl/2.0.0.Alpha1/wildfly-elytron-ssl-2.0.0.Alpha1.jar:/home/zenika/.m2/repository/org/wildfly/security/wildfly-elytron-auth-server/2.0.0.Alpha1/wildfly-elytron-auth-server-2.0.0.Alpha1.jar:/home/zenika/.m2/repository/org/wildfly/security/wildfly-elytron-permission/2.0.0.Alpha1/wildfly-elytron-permission-2.0.0.Alpha1.jar:/home/zenika/.m2/repository/org/wildfly/security/wildfly-elytron-base/2.0.0.Alpha1/wildfly-elytron-base-2.0.0.Alpha1.jar:/home/zenika/.m2/repository/org/wildfly/security/wildfly-elytron-credential/2.0.0.Alpha1/wildfly-elytron-credential-2.0.0.Alpha1.jar:/home/zenika/.m2/repository/org/wildfly/security/wildfly-elytron-auth/2.0.0.Alpha1/wildfly-elytron-auth-2.0.0.Alpha1.jar:/home/zenika/.m2/repository/org/wildfly/security/wildfly-elytron-util/2.0.0.Alpha1/wildfly-elytron-util-2.0.0.Alpha1.jar:/home/zenika/.m2/repository/org/wildfly/security/wildfly-elytron-x500/2.0.0.Alpha1/wildfly-elytron-x500-2.0.0.Alpha1.jar:/home/zenika/.m2/repository/org/wildfly/security/wildfly-elytron-x500-cert/2.0.0.Alpha1/wildfly-elytron-x500-cert-2.0.0.Alpha1.jar:/home/zenika/.m2/repository/org/wildfly/security/wildfly-elytron-asn1/2.0.0.Alpha1/wildfly-elytron-asn1-2.0.0.Alpha1.jar:/home/zenika/.m2/repository/org/wildfly/security/wildfly-elytron-x500-cert-util/2.0.0.Alpha1/wildfly-elytron-x500-cert-util-2.0.0.Alpha1.jar:/home/zenika/.m2/repository/io/quarkus/quarkus-undertow/0.13.0/quarkus-undertow-0.13.0.jar:/home/zenika/.m2/repository/io/undertow/undertow-servlet/2.0.19.Final/undertow-servlet-2.0.19.Final.jar:/home/zenika/.m2/repository/io/undertow/undertow-core/2.0.19.Final/undertow-core-2.0.19.Final.jar:/home/zenika/.m2/repository/org/jboss/spec/javax/servlet/jboss-servlet-api_4.0_spec/1.0.0.Final/jboss-servlet-api_4.0_spec-1.0.0.Final.jar:/home/zenika/.m2/repository/org/jboss/xnio/xnio-nio/3.7.0.Final/xnio-nio-3.7.0.Final.jar:/home/zenika/.m2/repository/org/jboss/xnio/xnio-api/3.7.0.Final/xnio-api-3.7.0.Final.jar:/home/zenika/.m2/repository/io/quarkus/quarkus-arc/0.13.0/quarkus-arc-0.13.0.jar:/home/zenika/.m2/repository/io/quarkus/arc/arc/0.13.0/arc-0.13.0.jar:/home/zenika/.m2/repository/io/quarkus/quarkus-resteasy-common/0.13.0/quarkus-resteasy-common-0.13.0.jar:/home/zenika/.m2/repository/org/jboss/resteasy/resteasy-core/4.0.0.CR2/resteasy-core-4.0.0.CR2.jar:/home/zenika/.m2/repository/org/jboss/spec/javax/ws/rs/jboss-jaxrs-api_2.1_spec/1.0.2.Final/jboss-jaxrs-api_2.1_spec-1.0.2.Final.jar:/home/zenika/.m2/repository/org/jboss/spec/javax/xml/bind/jboss-jaxb-api_2.3_spec/1.0.1.Final/jboss-jaxb-api_2.3_spec-1.0.1.Final.jar:/home/zenika/.m2/repository/org/jboss/resteasy/resteasy-core-spi/4.0.0.CR2/resteasy-core-spi-4.0.0.CR2.jar:/home/zenika/.m2/repository/org/reactivestreams/reactive-streams/1.0.2/reactive-streams-1.0.2.jar:/home/zenika/.m2/repository/commons-io/commons-io/2.5/commons-io-2.5.jar:/home/zenika/.m2/repository/net/jcip/jcip-annotations/1.0/jcip-annotations-1.0.jar:/home/zenika/.m2/repository/javax/validation/validation-api/2.0.1.Final/validation-api-2.0.1.Final.jar:/home/zenika/.m2/repository/com/sun/activation/jakarta.activation/1.2.1/jakarta.activation-1.2.1.jar:/home/zenika/.m2/repository/io/quarkus/quarkus-jaxb/0.13.0/quarkus-jaxb-0.13.0.jar:/home/zenika/.m2/repository/javax/xml/bind/jaxb-api/2.3.1/jaxb-api-2.3.1.jar:/home/zenika/.m2/repository/io/quarkus/quarkus-junit5/0.13.0/quarkus-junit5-0.13.0.jar:/home/zenika/.m2/repository/io/quarkus/quarkus-bootstrap-core/0.13.0/quarkus-bootstrap-core-0.13.0.jar:/home/zenika/.m2/repository/org/apache/maven/maven-settings-builder/3.5.4/maven-settings-builder-3.5.4.jar:/home/zenika/.m2/repository/org/apache/maven/maven-builder-support/3.5.4/maven-builder-support-3.5.4.jar:/home/zenika/.m2/repository/org/codehaus/plexus/plexus-utils/3.0.24/plexus-utils-3.0.24.jar:/home/zenika/.m2/repository/org/codehaus/plexus/plexus-interpolation/1.24/plexus-interpolation-1.24.jar:/home/zenika/.m2/repository/org/codehaus/plexus/plexus-component-annotations/1.7.1/plexus-component-annotations-1.7.1.jar:/home/zenika/.m2/repository/org/apache/maven/maven-settings/3.5.4/maven-settings-3.5.4.jar:/home/zenika/.m2/repository/org/sonatype/plexus/plexus-sec-dispatcher/1.4/plexus-sec-dispatcher-1.4.jar:/home/zenika/.m2/repository/org/sonatype/plexus/plexus-cipher/1.4/plexus-cipher-1.4.jar:/home/zenika/.m2/repository/org/apache/maven/maven-resolver-provider/3.5.4/maven-resolver-provider-3.5.4.jar:/home/zenika/.m2/repository/org/apache/maven/maven-model/3.5.4/maven-model-3.5.4.jar:/home/zenika/.m2/repository/org/apache/maven/maven-model-builder/3.5.4/maven-model-builder-3.5.4.jar:/home/zenika/.m2/repository/org/apache/maven/maven-artifact/3.5.4/maven-artifact-3.5.4.jar:/home/zenika/.m2/repository/com/google/guava/guava/27.0.1-jre/guava-27.0.1-jre.jar:/home/zenika/.m2/repository/com/google/guava/failureaccess/1.0.1/failureaccess-1.0.1.jar:/home/zenika/.m2/repository/com/google/guava/listenablefuture/9999.0-empty-to-avoid-conflict-with-guava/listenablefuture-9999.0-empty-to-avoid-conflict-with-guava.jar:/home/zenika/.m2/repository/com/google/code/findbugs/jsr305/3.0.2/jsr305-3.0.2.jar:/home/zenika/.m2/repository/org/checkerframework/checker-qual/2.5.2/checker-qual-2.5.2.jar:/home/zenika/.m2/repository/com/google/errorprone/error_prone_annotations/2.2.0/error_prone_annotations-2.2.0.jar:/home/zenika/.m2/repository/com/google/j2objc/j2objc-annotations/1.1/j2objc-annotations-1.1.jar:/home/zenika/.m2/repository/org/codehaus/mojo/animal-sniffer-annotations/1.17/animal-sniffer-annotations-1.17.jar:/home/zenika/.m2/repository/org/apache/maven/maven-repository-metadata/3.5.4/maven-repository-metadata-3.5.4.jar:/home/zenika/.m2/repository/org/apache/maven/resolver/maven-resolver-api/1.1.1/maven-resolver-api-1.1.1.jar:/home/zenika/.m2/repository/org/apache/maven/resolver/maven-resolver-spi/1.1.1/maven-resolver-spi-1.1.1.jar:/home/zenika/.m2/repository/org/apache/maven/resolver/maven-resolver-util/1.1.1/maven-resolver-util-1.1.1.jar:/home/zenika/.m2/repository/org/apache/maven/resolver/maven-resolver-impl/1.1.1/maven-resolver-impl-1.1.1.jar:/home/zenika/.m2/repository/org/apache/maven/resolver/maven-resolver-connector-basic/1.1.1/maven-resolver-connector-basic-1.1.1.jar:/home/zenika/.m2/repository/org/apache/maven/resolver/maven-resolver-transport-file/1.1.1/maven-resolver-transport-file-1.1.1.jar:/home/zenika/.m2/repository/org/apache/maven/resolver/maven-resolver-transport-http/1.1.1/maven-resolver-transport-http-1.1.1.jar:/home/zenika/.m2/repository/org/slf4j/jcl-over-slf4j/1.7.25/jcl-over-slf4j-1.7.25.jar:/home/zenika/.m2/repository/io/quarkus/quarkus-test-common/0.13.0/quarkus-test-common-0.13.0.jar:/home/zenika/.m2/repository/io/quarkus/quarkus-core-deployment/0.13.0/quarkus-core-deployment-0.13.0.jar:/home/zenika/.m2/repository/commons-beanutils/commons-beanutils-core/1.8.3/commons-beanutils-core-1.8.3.jar:/home/zenika/.m2/repository/org/jboss/invocation/jboss-invocation/1.5.2.Final/jboss-invocation-1.5.2.Final.jar:/home/zenika/.m2/repository/org/jboss/classfilewriter/jboss-classfilewriter/1.2.4.Final/jboss-classfilewriter-1.2.4.Final.jar:/home/zenika/.m2/repository/io/quarkus/gizmo/gizmo/1.0.0.Alpha3/gizmo-1.0.0.Alpha3.jar:/home/zenika/.m2/repository/org/ow2/asm/asm/6.2.1/asm-6.2.1.jar:/home/zenika/.m2/repository/io/quarkus/quarkus-builder/0.13.0/quarkus-builder-0.13.0.jar:/home/zenika/.m2/repository/io/quarkus/quarkus-jsonp-deployment/0.13.0/quarkus-jsonp-deployment-0.13.0.jar:/home/zenika/.m2/repository/io/quarkus/quarkus-jsonp/0.13.0/quarkus-jsonp-0.13.0.jar:/home/zenika/.m2/repository/org/glassfish/javax.json/1.1.4/javax.json-1.1.4.jar:/home/zenika/.m2/repository/org/jboss/jandex/2.1.1.Final/jandex-2.1.1.Final.jar:/home/zenika/.m2/repository/org/junit/jupiter/junit-jupiter-api/5.4.1/junit-jupiter-api-5.4.1.jar:/home/zenika/.m2/repository/org/apiguardian/apiguardian-api/1.0.0/apiguardian-api-1.0.0.jar:/home/zenika/.m2/repository/org/opentest4j/opentest4j/1.1.1/opentest4j-1.1.1.jar:/home/zenika/.m2/repository/org/junit/platform/junit-platform-commons/1.4.1/junit-platform-commons-1.4.1.jar:/home/zenika/.m2/repository/org/junit/jupiter/junit-jupiter-params/5.4.1/junit-jupiter-params-5.4.1.jar:/home/zenika/.m2/repository/org/junit/jupiter/junit-jupiter-engine/5.4.1/junit-jupiter-engine-5.4.1.jar:/home/zenika/.m2/repository/org/junit/platform/junit-platform-engine/1.4.1/junit-platform-engine-1.4.1.jar:/home/zenika/.m2/repository/io/rest-assured/rest-assured/3.3.0/rest-assured-3.3.0.jar:/home/zenika/.m2/repository/org/codehaus/groovy/groovy/2.4.15/groovy-2.4.15.jar:/home/zenika/.m2/repository/org/codehaus/groovy/groovy-xml/2.4.15/groovy-xml-2.4.15.jar:/home/zenika/.m2/repository/org/apache/httpcomponents/httpclient/4.5.7/httpclient-4.5.7.jar:/home/zenika/.m2/repository/org/apache/httpcomponents/httpcore/4.4.11/httpcore-4.4.11.jar:/home/zenika/.m2/repository/commons-logging/commons-logging/1.2/commons-logging-1.2.jar:/home/zenika/.m2/repository/commons-codec/commons-codec/1.11/commons-codec-1.11.jar:/home/zenika/.m2/repository/org/apache/httpcomponents/httpmime/4.5.3/httpmime-4.5.3.jar:/home/zenika/.m2/repository/org/hamcrest/hamcrest-core/1.3/hamcrest-core-1.3.jar:/home/zenika/.m2/repository/org/hamcrest/hamcrest-library/1.3/hamcrest-library-1.3.jar:/home/zenika/.m2/repository/org/ccil/cowan/tagsoup/tagsoup/1.2.1/tagsoup-1.2.1.jar:/home/zenika/.m2/repository/io/rest-assured/json-path/3.3.0/json-path-3.3.0.jar:/home/zenika/.m2/repository/org/codehaus/groovy/groovy-json/2.4.15/groovy-json-2.4.15.jar:/home/zenika/.m2/repository/io/rest-assured/rest-assured-common/3.3.0/rest-assured-common-3.3.0.jar:/home/zenika/.m2/repository/io/rest-assured/xml-path/3.3.0/xml-path-3.3.0.jar:/home/zenika/.m2/repository/org/apache/commons/commons-lang3/3.8.1/commons-lang3-3.8.1.jar:/home/zenika/.m2/repository/com/sun/xml/bind/jaxb-osgi/2.2.10/jaxb-osgi-2.2.10.jar:/home/zenika/.m2/repository/org/apache/sling/org.apache.sling.javax.activation/0.1.0/org.apache.sling.javax.activation-0.1.0.jar:/home/zenika/.m2/repository/org/json/json/20160810/json-20160810.jar:/home/zenika/.m2/repository/org/mockito/mockito-all/1.9.5/mockito-all-1.9.5.jar:"/>
    <property name="sun.cpu.endian" value="little"/>
    <property name="user.home" value="/home/zenika"/>
    <property name="user.language" value="fr"/>
    <property name="java.specification.vendor" value="Oracle Corporation"/>
    <property name="java.home" value="/home/zenika/.sdkman/candidates/java/8.0.181-oracle/jre"/>
    <property name="basedir" value="/home/zenika/projects/obs/zenika-obs-remote-app/quarkus-api"/>
    <property name="file.separator" value="/"/>
    <property name="line.separator" value="&#10;"/>
    <property name="java.vm.specification.vendor" value="Oracle Corporation"/>
    <property name="java.specification.name" value="Java Platform API Specification"/>
    <property name="java.awt.graphicsenv" value="sun.awt.X11GraphicsEnvironment"/>
    <property name="surefire.real.class.path" value="/home/zenika/projects/obs/zenika-obs-remote-app/quarkus-api/target/surefire/surefirebooter7231373090591623837.jar"/>
    <property name="sun.boot.class.path" value="/home/zenika/.sdkman/candidates/java/8.0.181-oracle/jre/lib/resources.jar:/home/zenika/.sdkman/candidates/java/8.0.181-oracle/jre/lib/rt.jar:/home/zenika/.sdkman/candidates/java/8.0.181-oracle/jre/lib/sunrsasign.jar:/home/zenika/.sdkman/candidates/java/8.0.181-oracle/jre/lib/jsse.jar:/home/zenika/.sdkman/candidates/java/8.0.181-oracle/jre/lib/jce.jar:/home/zenika/.sdkman/candidates/java/8.0.181-oracle/jre/lib/charsets.jar:/home/zenika/.sdkman/candidates/java/8.0.181-oracle/jre/lib/jfr.jar:/home/zenika/.sdkman/candidates/java/8.0.181-oracle/jre/classes"/>
    <property name="sun.management.compiler" value="HotSpot 64-Bit Tiered Compilers"/>
    <property name="java.runtime.version" value="1.8.0_181-b13"/>
    <property name="user.name" value="zenika"/>
    <property name="path.separator" value=":"/>
    <property name="os.version" value="4.15.0-47-generic"/>
    <property name="java.endorsed.dirs" value="/home/zenika/.sdkman/candidates/java/8.0.181-oracle/jre/lib/endorsed"/>
    <property name="java.runtime.name" value="Java(TM) SE Runtime Environment"/>
    <property name="file.encoding" value="UTF-8"/>
    <property name="java.vm.name" value="Java HotSpot(TM) 64-Bit Server VM"/>
    <property name="localRepository" value="/home/zenika/.m2/repository"/>
    <property name="java.vendor.url.bug" value="http://bugreport.sun.com/bugreport/"/>
    <property name="java.io.tmpdir" value="/tmp"/>
    <property name="java.version" value="1.8.0_181"/>
    <property name="user.dir" value="/home/zenika/projects/obs/zenika-obs-remote-app/quarkus-api"/>
    <property name="os.arch" value="amd64"/>
    <property name="java.vm.specification.name" value="Java Virtual Machine Specification"/>
    <property name="java.awt.printerjob" value="sun.print.PSPrinterJob"/>
    <property name="sun.os.patch.level" value="unknown"/>
    <property name="java.util.logging.manager" value="org.jboss.logmanager.LogManager"/>
    <property name="java.library.path" value="/usr/java/packages/lib/amd64:/usr/lib64:/lib64:/lib:/usr/lib"/>
    <property name="java.vm.info" value="mixed mode"/>
    <property name="java.vendor" value="Oracle Corporation"/>
    <property name="java.vm.version" value="25.181-b13"/>
    <property name="java.ext.dirs" value="/home/zenika/.sdkman/candidates/java/8.0.181-oracle/jre/lib/ext:/usr/java/packages/lib/ext"/>
    <property name="sun.io.unicode.encoding" value="UnicodeLittle"/>
    <property name="java.class.version" value="52.0"/>
  </properties>
  <testcase name="testCloseConnectionEndpointSuccess" classname="zenika.obs.api.ObsResourceTest" time="1.309"/>
  <testcase name="testOpenConnectionEndpointSuccess" classname="zenika.obs.api.ObsResourceTest" time="0.085">
    <failure message="1 expectation failed.&#10;Expected status code &lt;200&gt; but was &lt;500&gt;.&#10;" type="java.lang.AssertionError"><![CDATA[java.lang.AssertionError: 
1 expectation failed.
Expected status code <200> but was <500>.

	at zenika.obs.api.ObsResourceTest.testOpenConnectionEndpointSuccess(ObsResourceTest.java:24)
]]></failure>
    <system-err><![CDATA[java.lang.IllegalStateException: Connection pool shut down
	at org.apache.http.util.Asserts.check(Asserts.java:34)
	at org.apache.http.pool.AbstractConnPool.lease(AbstractConnPool.java:191)
	at org.apache.http.impl.conn.PoolingHttpClientConnectionManager.requestConnection(PoolingHttpClientConnectionManager.java:268)
	at org.apache.http.impl.execchain.MainClientExec.execute(MainClientExec.java:176)
	at org.apache.http.impl.execchain.ProtocolExec.execute(ProtocolExec.java:185)
	at org.apache.http.impl.execchain.RetryExec.execute(RetryExec.java:89)
	at org.apache.http.impl.execchain.RedirectExec.execute(RedirectExec.java:110)
	at org.apache.http.impl.client.InternalHttpClient.doExecute(InternalHttpClient.java:185)
	at org.apache.http.impl.client.CloseableHttpClient.execute(CloseableHttpClient.java:83)
	at org.apache.http.impl.client.CloseableHttpClient.execute(CloseableHttpClient.java:108)
	at zenika.obs.api.ObsUtils.sendGetRequestToNodeAPI(ObsUtils.java:47)
	at zenika.obs.api.ObsRemote.openConnection(ObsRemote.java:49)
	at zenika.obs.api.ObsRemote_ClientProxy.openConnection(Unknown Source)
	at zenika.obs.api.ObsResource.openConnection(ObsResource.java:18)
	at sun.reflect.NativeMethodAccessorImpl.invoke0(Native Method)
	at sun.reflect.NativeMethodAccessorImpl.invoke(NativeMethodAccessorImpl.java:62)
	at sun.reflect.DelegatingMethodAccessorImpl.invoke(DelegatingMethodAccessorImpl.java:43)
	at java.lang.reflect.Method.invoke(Method.java:498)
	at org.jboss.resteasy.core.MethodInjectorImpl.invoke(MethodInjectorImpl.java:151)
	at org.jboss.resteasy.core.MethodInjectorImpl.lambda$invoke$3(MethodInjectorImpl.java:122)
	at java.util.concurrent.CompletableFuture.uniApply(CompletableFuture.java:602)
	at java.util.concurrent.CompletableFuture.uniApplyStage(CompletableFuture.java:614)
	at java.util.concurrent.CompletableFuture.thenApply(CompletableFuture.java:1983)
	at java.util.concurrent.CompletableFuture.thenApply(CompletableFuture.java:110)
	at org.jboss.resteasy.core.MethodInjectorImpl.invoke(MethodInjectorImpl.java:122)
	at org.jboss.resteasy.core.ResourceMethodInvoker.internalInvokeOnTarget(ResourceMethodInvoker.java:568)
	at org.jboss.resteasy.core.ResourceMethodInvoker.invokeOnTargetAfterFilter(ResourceMethodInvoker.java:442)
	at org.jboss.resteasy.core.ResourceMethodInvoker.lambda$invokeOnTarget$2(ResourceMethodInvoker.java:396)
	at org.jboss.resteasy.core.interception.jaxrs.PreMatchContainerRequestContext.filter(PreMatchContainerRequestContext.java:362)
	at org.jboss.resteasy.core.ResourceMethodInvoker.invokeOnTarget(ResourceMethodInvoker.java:398)
	at org.jboss.resteasy.core.ResourceMethodInvoker.invoke(ResourceMethodInvoker.java:367)
	at org.jboss.resteasy.core.ResourceMethodInvoker.lambda$invoke$1(ResourceMethodInvoker.java:341)
	at java.util.concurrent.CompletableFuture.uniComposeStage(CompletableFuture.java:981)
	at java.util.concurrent.CompletableFuture.thenCompose(CompletableFuture.java:2124)
	at java.util.concurrent.CompletableFuture.thenCompose(CompletableFuture.java:110)
	at org.jboss.resteasy.core.ResourceMethodInvoker.invoke(ResourceMethodInvoker.java:341)
	at org.jboss.resteasy.core.SynchronousDispatcher.invoke(SynchronousDispatcher.java:477)
	at org.jboss.resteasy.core.SynchronousDispatcher.lambda$invoke$4(SynchronousDispatcher.java:252)
	at org.jboss.resteasy.core.SynchronousDispatcher.lambda$preprocess$0(SynchronousDispatcher.java:153)
	at org.jboss.resteasy.core.interception.jaxrs.PreMatchContainerRequestContext.filter(PreMatchContainerRequestContext.java:362)
	at org.jboss.resteasy.core.SynchronousDispatcher.preprocess(SynchronousDispatcher.java:156)
	at org.jboss.resteasy.core.SynchronousDispatcher.invoke(SynchronousDispatcher.java:238)
	at org.jboss.resteasy.plugins.server.servlet.ServletContainerDispatcher.service(ServletContainerDispatcher.java:234)
	at io.quarkus.resteasy.runtime.ResteasyFilter$ResteasyResponseWrapper.sendError(ResteasyFilter.java:72)
	at io.undertow.servlet.handlers.DefaultServlet.doGet(DefaultServlet.java:175)
	at javax.servlet.http.HttpServlet.service(HttpServlet.java:686)
	at javax.servlet.http.HttpServlet.service(HttpServlet.java:791)
	at io.undertow.servlet.handlers.ServletHandler.handleRequest(ServletHandler.java:74)
	at io.undertow.servlet.handlers.FilterHandler$FilterChainImpl.doFilter(FilterHandler.java:129)
	at io.quarkus.resteasy.runtime.ResteasyFilter.doFilter(ResteasyFilter.java:43)
	at io.undertow.servlet.core.ManagedFilter.doFilter(ManagedFilter.java:61)
	at io.undertow.servlet.handlers.FilterHandler$FilterChainImpl.doFilter(FilterHandler.java:131)
	at io.undertow.servlet.handlers.FilterHandler.handleRequest(FilterHandler.java:84)
	at io.undertow.servlet.handlers.security.ServletSecurityRoleHandler.handleRequest(ServletSecurityRoleHandler.java:62)
	at io.undertow.servlet.handlers.ServletChain$1.handleRequest(ServletChain.java:68)
	at io.undertow.servlet.handlers.ServletDispatchingHandler.handleRequest(ServletDispatchingHandler.java:36)
	at io.undertow.servlet.handlers.security.SSLInformationAssociationHandler.handleRequest(SSLInformationAssociationHandler.java:132)
	at io.undertow.servlet.handlers.security.ServletAuthenticationCallHandler.handleRequest(ServletAuthenticationCallHandler.java:57)
	at io.undertow.server.handlers.PredicateHandler.handleRequest(PredicateHandler.java:43)
	at io.undertow.security.handlers.AbstractConfidentialityHandler.handleRequest(AbstractConfidentialityHandler.java:46)
	at io.undertow.servlet.handlers.security.ServletConfidentialityConstraintHandler.handleRequest(ServletConfidentialityConstraintHandler.java:64)
	at io.undertow.security.handlers.AuthenticationMechanismsHandler.handleRequest(AuthenticationMechanismsHandler.java:60)
	at io.undertow.servlet.handlers.security.CachedAuthenticatedSessionHandler.handleRequest(CachedAuthenticatedSessionHandler.java:77)
	at io.undertow.security.handlers.AbstractSecurityContextAssociationHandler.handleRequest(AbstractSecurityContextAssociationHandler.java:43)
	at io.undertow.server.handlers.PredicateHandler.handleRequest(PredicateHandler.java:43)
	at io.undertow.server.handlers.PredicateHandler.handleRequest(PredicateHandler.java:43)
	at io.undertow.servlet.handlers.ServletInitialHandler.handleFirstRequest(ServletInitialHandler.java:292)
	at io.undertow.servlet.handlers.ServletInitialHandler.access$100(ServletInitialHandler.java:81)
	at io.undertow.servlet.handlers.ServletInitialHandler$2.call(ServletInitialHandler.java:138)
	at io.undertow.servlet.handlers.ServletInitialHandler$2.call(ServletInitialHandler.java:135)
	at io.undertow.servlet.core.ServletRequestContextThreadSetupAction$1.call(ServletRequestContextThreadSetupAction.java:48)
	at io.undertow.servlet.core.ContextClassLoaderSetupAction$1.call(ContextClassLoaderSetupAction.java:43)
	at io.quarkus.undertow.runtime.UndertowDeploymentTemplate$7$1$1.call(UndertowDeploymentTemplate.java:416)
	at io.undertow.servlet.handlers.ServletInitialHandler.dispatchRequest(ServletInitialHandler.java:272)
	at io.undertow.servlet.handlers.ServletInitialHandler.access$000(ServletInitialHandler.java:81)
	at io.undertow.servlet.handlers.ServletInitialHandler$1.handleRequest(ServletInitialHandler.java:104)
	at io.undertow.server.Connectors.executeRootHandler(Connectors.java:364)
	at io.undertow.server.HttpServerExchange$1.run(HttpServerExchange.java:830)
	at org.jboss.threads.ContextClassLoaderSavingRunnable.run(ContextClassLoaderSavingRunnable.java:35)
	at org.jboss.threads.EnhancedQueueExecutor.safeRun(EnhancedQueueExecutor.java:1998)
	at org.jboss.threads.EnhancedQueueExecutor$ThreadBody.doRunTask(EnhancedQueueExecutor.java:1525)
	at org.jboss.threads.EnhancedQueueExecutor$ThreadBody.run(EnhancedQueueExecutor.java:1416)
	at java.lang.Thread.run(Thread.java:748)
]]></system-err>
  </testcase>
  <testcase name="testStopRecordingSuccess" classname="zenika.obs.api.ObsResourceTest" time="0.056"/>
  <testcase name="testStartRecordingSuccess" classname="zenika.obs.api.ObsResourceTest" time="0.028">
    <failure message="1 expectation failed.&#10;Expected status code &lt;200&gt; but was &lt;500&gt;.&#10;" type="java.lang.AssertionError"><![CDATA[java.lang.AssertionError: 
1 expectation failed.
Expected status code <200> but was <500>.

	at zenika.obs.api.ObsResourceTest.testStartRecordingSuccess(ObsResourceTest.java:42)
]]></failure>
    <system-err><![CDATA[java.lang.IllegalStateException: Connection pool shut down
	at org.apache.http.util.Asserts.check(Asserts.java:34)
	at org.apache.http.pool.AbstractConnPool.lease(AbstractConnPool.java:191)
	at org.apache.http.impl.conn.PoolingHttpClientConnectionManager.requestConnection(PoolingHttpClientConnectionManager.java:268)
	at org.apache.http.impl.execchain.MainClientExec.execute(MainClientExec.java:176)
	at org.apache.http.impl.execchain.ProtocolExec.execute(ProtocolExec.java:185)
	at org.apache.http.impl.execchain.RetryExec.execute(RetryExec.java:89)
	at org.apache.http.impl.execchain.RedirectExec.execute(RedirectExec.java:110)
	at org.apache.http.impl.client.InternalHttpClient.doExecute(InternalHttpClient.java:185)
	at org.apache.http.impl.client.CloseableHttpClient.execute(CloseableHttpClient.java:83)
	at org.apache.http.impl.client.CloseableHttpClient.execute(CloseableHttpClient.java:108)
	at zenika.obs.api.ObsUtils.sendPostRequestToNodeAPI(ObsUtils.java:65)
	at zenika.obs.api.ObsRemote.startRecording(ObsRemote.java:70)
	at zenika.obs.api.ObsRemote_ClientProxy.startRecording(Unknown Source)
	at zenika.obs.api.ObsResource.startRecording(ObsResource.java:41)
	at sun.reflect.NativeMethodAccessorImpl.invoke0(Native Method)
	at sun.reflect.NativeMethodAccessorImpl.invoke(NativeMethodAccessorImpl.java:62)
	at sun.reflect.DelegatingMethodAccessorImpl.invoke(DelegatingMethodAccessorImpl.java:43)
	at java.lang.reflect.Method.invoke(Method.java:498)
	at org.jboss.resteasy.core.MethodInjectorImpl.invoke(MethodInjectorImpl.java:151)
	at org.jboss.resteasy.core.MethodInjectorImpl.lambda$invoke$3(MethodInjectorImpl.java:122)
	at java.util.concurrent.CompletableFuture.uniApply(CompletableFuture.java:602)
	at java.util.concurrent.CompletableFuture.uniApplyStage(CompletableFuture.java:614)
	at java.util.concurrent.CompletableFuture.thenApply(CompletableFuture.java:1983)
	at java.util.concurrent.CompletableFuture.thenApply(CompletableFuture.java:110)
	at org.jboss.resteasy.core.MethodInjectorImpl.invoke(MethodInjectorImpl.java:122)
	at org.jboss.resteasy.core.ResourceMethodInvoker.internalInvokeOnTarget(ResourceMethodInvoker.java:568)
	at org.jboss.resteasy.core.ResourceMethodInvoker.invokeOnTargetAfterFilter(ResourceMethodInvoker.java:442)
	at org.jboss.resteasy.core.ResourceMethodInvoker.lambda$invokeOnTarget$2(ResourceMethodInvoker.java:396)
	at org.jboss.resteasy.core.interception.jaxrs.PreMatchContainerRequestContext.filter(PreMatchContainerRequestContext.java:362)
	at org.jboss.resteasy.core.ResourceMethodInvoker.invokeOnTarget(ResourceMethodInvoker.java:398)
	at org.jboss.resteasy.core.ResourceMethodInvoker.invoke(ResourceMethodInvoker.java:367)
	at org.jboss.resteasy.core.ResourceMethodInvoker.lambda$invoke$1(ResourceMethodInvoker.java:341)
	at java.util.concurrent.CompletableFuture.uniComposeStage(CompletableFuture.java:981)
	at java.util.concurrent.CompletableFuture.thenCompose(CompletableFuture.java:2124)
	at java.util.concurrent.CompletableFuture.thenCompose(CompletableFuture.java:110)
	at org.jboss.resteasy.core.ResourceMethodInvoker.invoke(ResourceMethodInvoker.java:341)
	at org.jboss.resteasy.core.SynchronousDispatcher.invoke(SynchronousDispatcher.java:477)
	at org.jboss.resteasy.core.SynchronousDispatcher.lambda$invoke$4(SynchronousDispatcher.java:252)
	at org.jboss.resteasy.core.SynchronousDispatcher.lambda$preprocess$0(SynchronousDispatcher.java:153)
	at org.jboss.resteasy.core.interception.jaxrs.PreMatchContainerRequestContext.filter(PreMatchContainerRequestContext.java:362)
	at org.jboss.resteasy.core.SynchronousDispatcher.preprocess(SynchronousDispatcher.java:156)
	at org.jboss.resteasy.core.SynchronousDispatcher.invoke(SynchronousDispatcher.java:238)
	at org.jboss.resteasy.plugins.server.servlet.ServletContainerDispatcher.service(ServletContainerDispatcher.java:234)
	at io.quarkus.resteasy.runtime.ResteasyFilter.doFilter(ResteasyFilter.java:45)
	at io.undertow.servlet.core.ManagedFilter.doFilter(ManagedFilter.java:61)
	at io.undertow.servlet.handlers.FilterHandler$FilterChainImpl.doFilter(FilterHandler.java:131)
	at io.undertow.servlet.handlers.FilterHandler.handleRequest(FilterHandler.java:84)
	at io.undertow.servlet.handlers.security.ServletSecurityRoleHandler.handleRequest(ServletSecurityRoleHandler.java:62)
	at io.undertow.servlet.handlers.ServletChain$1.handleRequest(ServletChain.java:68)
	at io.undertow.servlet.handlers.ServletDispatchingHandler.handleRequest(ServletDispatchingHandler.java:36)
	at io.undertow.servlet.handlers.security.SSLInformationAssociationHandler.handleRequest(SSLInformationAssociationHandler.java:132)
	at io.undertow.servlet.handlers.security.ServletAuthenticationCallHandler.handleRequest(ServletAuthenticationCallHandler.java:57)
	at io.undertow.server.handlers.PredicateHandler.handleRequest(PredicateHandler.java:43)
	at io.undertow.security.handlers.AbstractConfidentialityHandler.handleRequest(AbstractConfidentialityHandler.java:46)
	at io.undertow.servlet.handlers.security.ServletConfidentialityConstraintHandler.handleRequest(ServletConfidentialityConstraintHandler.java:64)
	at io.undertow.security.handlers.AuthenticationMechanismsHandler.handleRequest(AuthenticationMechanismsHandler.java:60)
	at io.undertow.servlet.handlers.security.CachedAuthenticatedSessionHandler.handleRequest(CachedAuthenticatedSessionHandler.java:77)
	at io.undertow.security.handlers.AbstractSecurityContextAssociationHandler.handleRequest(AbstractSecurityContextAssociationHandler.java:43)
	at io.undertow.server.handlers.PredicateHandler.handleRequest(PredicateHandler.java:43)
	at io.undertow.server.handlers.PredicateHandler.handleRequest(PredicateHandler.java:43)
	at io.undertow.servlet.handlers.ServletInitialHandler.handleFirstRequest(ServletInitialHandler.java:292)
	at io.undertow.servlet.handlers.ServletInitialHandler.access$100(ServletInitialHandler.java:81)
	at io.undertow.servlet.handlers.ServletInitialHandler$2.call(ServletInitialHandler.java:138)
	at io.undertow.servlet.handlers.ServletInitialHandler$2.call(ServletInitialHandler.java:135)
	at io.undertow.servlet.core.ServletRequestContextThreadSetupAction$1.call(ServletRequestContextThreadSetupAction.java:48)
	at io.undertow.servlet.core.ContextClassLoaderSetupAction$1.call(ContextClassLoaderSetupAction.java:43)
	at io.quarkus.undertow.runtime.UndertowDeploymentTemplate$7$1$1.call(UndertowDeploymentTemplate.java:416)
	at io.undertow.servlet.handlers.ServletInitialHandler.dispatchRequest(ServletInitialHandler.java:272)
	at io.undertow.servlet.handlers.ServletInitialHandler.access$000(ServletInitialHandler.java:81)
	at io.undertow.servlet.handlers.ServletInitialHandler$1.handleRequest(ServletInitialHandler.java:104)
	at io.undertow.server.Connectors.executeRootHandler(Connectors.java:364)
	at io.undertow.server.HttpServerExchange$1.run(HttpServerExchange.java:830)
	at org.jboss.threads.ContextClassLoaderSavingRunnable.run(ContextClassLoaderSavingRunnable.java:35)
	at org.jboss.threads.EnhancedQueueExecutor.safeRun(EnhancedQueueExecutor.java:1998)
	at org.jboss.threads.EnhancedQueueExecutor$ThreadBody.doRunTask(EnhancedQueueExecutor.java:1525)
	at org.jboss.threads.EnhancedQueueExecutor$ThreadBody.run(EnhancedQueueExecutor.java:1416)
	at java.lang.Thread.run(Thread.java:748)
]]></system-err>
  </testcase>
  <testcase name="testGetScenesSuccess" classname="zenika.obs.api.ObsResourceTest" time="0">
    <error type="java.lang.NullPointerException">java.lang.NullPointerException
	at zenika.obs.api.ObsResourceTest.testGetScenesSuccess(ObsResourceTest.java:60)
</error>
  </testcase>
</testsuite>